2025-03-04 21:47:23,065 - root - INFO - Logging configured.
2025-03-04 21:47:23,065 - root - INFO - Environment variables loaded.
2025-03-04 21:47:23,066 - root - INFO - Command 'add' from plugin 'add' registered.
2025-03-04 21:47:23,066 - root - INFO - Command 'divide' from plugin 'divide' registered.
2025-03-04 21:47:23,066 - root - INFO - Command 'exit' from plugin 'exit' registered.
2025-03-04 21:47:23,066 - root - INFO - Command 'multiply' from plugin 'multiply' registered.
2025-03-04 21:47:23,066 - root - INFO - Command 'subtract' from plugin 'subtract' registered.
2025-03-04 21:47:23,067 - root - INFO - Application started. Type 'exit' to exit.
2025-03-04 21:47:23,067 - root - INFO - Application exit.
2025-03-04 21:47:23,068 - root - INFO - Logging configured.
2025-03-04 21:47:23,068 - root - INFO - Environment variables loaded.
2025-03-04 21:47:23,068 - root - INFO - Command 'add' from plugin 'add' registered.
2025-03-04 21:47:23,069 - root - INFO - Command 'divide' from plugin 'divide' registered.
2025-03-04 21:47:23,069 - root - INFO - Command 'exit' from plugin 'exit' registered.
2025-03-04 21:47:23,069 - root - INFO - Command 'multiply' from plugin 'multiply' registered.
2025-03-04 21:47:23,069 - root - INFO - Command 'subtract' from plugin 'subtract' registered.
2025-03-04 21:47:23,069 - root - INFO - Application started. Type 'exit' to exit.
2025-03-04 21:47:23,069 - root - INFO - Application exit.
2025-03-04 21:47:23,071 - root - INFO - Logging configured.
2025-03-04 21:47:23,071 - root - INFO - Environment variables loaded.
2025-03-04 21:47:23,071 - root - INFO - Command 'add' from plugin 'add' registered.
2025-03-04 21:47:23,071 - root - INFO - Command 'divide' from plugin 'divide' registered.
2025-03-04 21:47:23,071 - root - INFO - Command 'exit' from plugin 'exit' registered.
2025-03-04 21:47:23,071 - root - INFO - Command 'multiply' from plugin 'multiply' registered.
2025-03-04 21:47:23,071 - root - INFO - Command 'subtract' from plugin 'subtract' registered.
2025-03-04 21:47:23,071 - root - INFO - Application started. Type 'exit' to exit.
2025-03-04 21:47:23,071 - root - INFO - Application exit.
2025-03-04 21:47:23,073 - root - INFO - Logging configured.
2025-03-04 21:47:23,073 - root - INFO - Environment variables loaded.
2025-03-04 21:47:23,073 - root - INFO - Command 'add' from plugin 'add' registered.
2025-03-04 21:47:23,073 - root - INFO - Command 'divide' from plugin 'divide' registered.
2025-03-04 21:47:23,073 - root - INFO - Command 'exit' from plugin 'exit' registered.
2025-03-04 21:47:23,073 - root - INFO - Command 'multiply' from plugin 'multiply' registered.
2025-03-04 21:47:23,073 - root - INFO - Command 'subtract' from plugin 'subtract' registered.
2025-03-04 21:47:23,073 - root - INFO - Application started. Type 'exit' to exit.
2025-03-04 21:47:23,073 - root - INFO - Application exit.
2025-03-04 21:47:23,076 - root - INFO - Logging configured.
2025-03-04 21:47:23,076 - root - INFO - Environment variables loaded.
2025-03-04 21:47:23,076 - root - INFO - Command 'add' from plugin 'add' registered.
2025-03-04 21:47:23,076 - root - INFO - Command 'divide' from plugin 'divide' registered.
2025-03-04 21:47:23,076 - root - INFO - Command 'exit' from plugin 'exit' registered.
2025-03-04 21:47:23,076 - root - INFO - Command 'multiply' from plugin 'multiply' registered.
2025-03-04 21:47:23,077 - root - INFO - Command 'subtract' from plugin 'subtract' registered.
2025-03-04 21:47:23,077 - root - INFO - Application started. Type 'exit' to exit.
2025-03-04 21:47:23,077 - root - INFO - Application exit.
2025-03-04 21:47:23,086 - root - INFO - Logging configured.
2025-03-04 21:47:23,086 - root - INFO - Environment variables loaded.
2025-03-04 21:47:23,086 - root - INFO - Command 'add' from plugin 'add' registered.
2025-03-04 21:47:23,086 - root - INFO - Command 'divide' from plugin 'divide' registered.
2025-03-04 21:47:23,086 - root - INFO - Command 'exit' from plugin 'exit' registered.
2025-03-04 21:47:23,086 - root - INFO - Command 'multiply' from plugin 'multiply' registered.
2025-03-04 21:47:23,087 - root - INFO - Command 'subtract' from plugin 'subtract' registered.
2025-03-04 21:47:23,087 - root - INFO - Application started. Type 'exit' to exit.
2025-03-04 21:47:23,087 - root - INFO - Application exit.
2025-03-04 21:47:23,088 - root - INFO - Logging configured.
2025-03-04 21:47:23,088 - root - INFO - Environment variables loaded.
